================================================================================
INITIALIZING
================================================================================
Loading data...
took 5.78 seconds
Building parser...
took 0.07 seconds
Loading pretrained embeddings...
took 4.84 seconds
Vectorizing data...
took 0.11 seconds
Preprocessing training data...
took 2.47 seconds
took 0.01 seconds

================================================================================
TRAINING
================================================================================
Epoch 1 out of 10
100%|█████████████████████████████████████████████████████████████████████████████████████████████████████████████| 48/48 [00:08<00:00,  5.51it/s]
Average Train Loss: 0.6344932913780212
Evaluating on dev set
125250it [00:00, 8453128.49it/s]                                                                                                                  
- dev UAS: 52.48
New best dev UAS! Saving model.

Epoch 2 out of 10
100%|█████████████████████████████████████████████████████████████████████████████████████████████████████████████| 48/48 [00:07<00:00,  6.14it/s]
Average Train Loss: 0.3419287446886301
Evaluating on dev set
125250it [00:00, 8553462.76it/s]                                                                                                                  
- dev UAS: 59.20
New best dev UAS! Saving model.

Epoch 3 out of 10
100%|█████████████████████████████████████████████████████████████████████████████████████████████████████████████| 48/48 [00:07<00:00,  6.14it/s]
Average Train Loss: 0.2822331665083766
Evaluating on dev set
125250it [00:00, 3816383.05it/s]                                                                                                                  
- dev UAS: 62.07
New best dev UAS! Saving model.

Epoch 4 out of 10
100%|█████████████████████████████████████████████████████████████████████████████████████████████████████████████| 48/48 [00:09<00:00,  5.05it/s]
Average Train Loss: 0.24311886417369047
Evaluating on dev set
125250it [00:00, 8086828.85it/s]                                                                                                                  
- dev UAS: 64.01
New best dev UAS! Saving model.

Epoch 5 out of 10
100%|█████████████████████████████████████████████████████████████████████████████████████████████████████████████| 48/48 [00:07<00:00,  6.01it/s]
Average Train Loss: 0.2156560861816009
Evaluating on dev set
125250it [00:00, 8604739.83it/s]                                                                                                                  
- dev UAS: 66.20
New best dev UAS! Saving model.

Epoch 6 out of 10
100%|█████████████████████████████████████████████████████████████████████████████████████████████████████████████| 48/48 [00:09<00:00,  5.32it/s]
Average Train Loss: 0.19878544006496668
Evaluating on dev set
125250it [00:00, 9004277.74it/s]                                                                                                                  
- dev UAS: 66.47
New best dev UAS! Saving model.

Epoch 7 out of 10
100%|█████████████████████████████████████████████████████████████████████████████████████████████████████████████| 48/48 [00:09<00:00,  5.25it/s]
Average Train Loss: 0.18014826998114586
Evaluating on dev set
125250it [00:00, 8351667.29it/s]                                                                                                                  
- dev UAS: 68.24
New best dev UAS! Saving model.

Epoch 8 out of 10
100%|█████████████████████████████████████████████████████████████████████████████████████████████████████████████| 48/48 [00:08<00:00,  5.63it/s]
Average Train Loss: 0.16521155430624881
Evaluating on dev set
125250it [00:00, 8092060.63it/s]                                                                                                                  
- dev UAS: 69.95
New best dev UAS! Saving model.

Epoch 9 out of 10
100%|█████████████████████████████████████████████████████████████████████████████████████████████████████████████| 48/48 [00:10<00:00,  4.37it/s]
Average Train Loss: 0.15329091530293226
Evaluating on dev set
125250it [00:00, 3936933.83it/s]                                                                                                                  
- dev UAS: 69.73

Epoch 10 out of 10
100%|█████████████████████████████████████████████████████████████████████████████████████████████████████████████| 48/48 [00:08<00:00,  5.47it/s]
Average Train Loss: 0.14364648004993796
Evaluating on dev set
125250it [00:00, 8093182.60it/s]                                                                                                                  
- dev UAS: 70.54
New best dev UAS! Saving model.